<?xml version="1.0" encoding="UTF-8"?>
<!-- Generated by org.testng.reporters.JUnitReportReporter -->
<testsuite hostname="LAPTOP-KRVNHCLD" failures="0" tests="1" name="Tests.ExistingUserTest" time="9.339" errors="0" timestamp="2023-03-31T23:41:58 EDT" skipped="0">
  <testcase classname="Tests.ExistingUserTest" name="existinguser" time="9.339"/>
  <system-out/>
</testsuite> <!-- Tests.ExistingUserTest -->
