<?xml version="1.0" encoding="UTF-8"?>
<!-- Generated by org.testng.reporters.JUnitReportReporter -->
<testsuite hostname="LAPTOP-KRVNHCLD" failures="0" tests="1" name="Tests.AutosuggestiveTest" time="14.037" errors="0" timestamp="2023-04-20T16:24:56 EDT" skipped="0">
  <testcase classname="Tests.AutosuggestiveTest" name="AutoSuggestion" time="14.037"/>
  <system-out/>
</testsuite> <!-- Tests.AutosuggestiveTest -->
