<?xml version="1.0" encoding="UTF-8"?>
<!-- Generated by org.testng.reporters.JUnitReportReporter -->
<testsuite hostname="LAPTOP-KRVNHCLD" failures="0" tests="1" name="Tests.DropDownTest" time="10.742" errors="0" timestamp="2023-04-13T21:56:52 EDT" skipped="0">
  <testcase classname="Tests.DropDownTest" name="selectDropDown" time="10.742"/>
  <system-out/>
</testsuite> <!-- Tests.DropDownTest -->
