<?xml version="1.0" encoding="UTF-8"?>
<!-- Generated by org.testng.reporters.JUnitReportReporter -->
<testsuite hostname="LAPTOP-KRVNHCLD" failures="0" tests="1" name="Tests.ContactUsTest" time="9.635" errors="0" timestamp="2023-04-03T16:57:10 EDT" skipped="0">
  <testcase classname="Tests.ContactUsTest" name="successfulsubmit" time="9.635"/>
  <system-out/>
</testsuite> <!-- Tests.ContactUsTest -->
