<?xml version="1.0" encoding="UTF-8"?>
<!-- Generated by org.testng.reporters.JUnitReportReporter -->
<testsuite hostname="LAPTOP-KRVNHCLD" failures="0" tests="2" name="mavenseleniumproject.SelIntroduction" time="29.851" errors="0" timestamp="2023-03-24T17:54:26 EDT" skipped="0">
  <testcase classname="mavenseleniumproject.SelIntroduction" name="Successfullogin" time="20.580"/>
  <system-out/>
  <testcase classname="mavenseleniumproject.SelIntroduction" name="UnsuccessfulLogin" time="9.271"/>
  <system-out/>
</testsuite> <!-- mavenseleniumproject.SelIntroduction -->
