<?xml version="1.0" encoding="UTF-8"?>
<!-- Generated by org.testng.reporters.JUnitReportReporter -->
<testsuite hostname="LAPTOP-KRVNHCLD" failures="0" tests="2" name="Tests.LoginTests" time="16.595" errors="0" timestamp="2023-04-06T22:17:29 EDT" skipped="0">
  <testcase classname="Tests.LoginTests" name="Successfullogin" time="9.667"/>
  <system-out/>
  <testcase classname="Tests.LoginTests" name="UnsuccessfulLogin" time="6.928"/>
  <system-out/>
</testsuite> <!-- Tests.LoginTests -->
